Determining if files alsa/asoundlib.h exist failed with the following output:
Change Dir: C:/Users/Primary User/Desktop/texture synthesis app/MY_Examples/FLTK-RS-Examples/template/target/debug/build/fltk-sys-762000bc27d0417d/out/build/CMakeFiles/CMakeTmp

Run Build Command(s):C:/Program Files (x86)/Microsoft Visual Studio/2019/BuildTools/MSBuild/Current/Bin/MSBuild.exe cmTC_115c7.vcxproj /p:Configuration=Debug /p:Platform=x64 /p:VisualStudioVersion=16.0 /v:m && Microsoft (R) Build Engine version 16.8.2+25e4d540b for .NET Framework
Copyright (C) Microsoft Corporation. All rights reserved.

  HAVE_ALSA_ASOUNDLIB_H.c
C:\Users\Primary User\Desktop\texture synthesis app\MY_Examples\FLTK-RS-Examples\template\target\debug\build\fltk-sys-762000bc27d0417d\out\build\CMakeFiles\CheckIncludeFiles\HAVE_ALSA_ASOUNDLIB_H.c(2,10): fatal error C1083: Cannot open include file: 'alsa/asoundlib.h': No such file or directory [C:\Users\Primary User\Desktop\texture synthesis app\MY_Examples\FLTK-RS-Examples\template\target\debug\build\fltk-sys-762000bc27d0417d\out\build\CMakeFiles\CMakeTmp\cmTC_115c7.vcxproj]


Source:
/* */
#include <alsa/asoundlib.h>


int main(void){return 0;}

Determining if files dlfcn.h exist failed with the following output:
Change Dir: C:/Users/Primary User/Desktop/texture synthesis app/MY_Examples/FLTK-RS-Examples/template/target/debug/build/fltk-sys-762000bc27d0417d/out/build/CMakeFiles/CMakeTmp

Run Build Command(s):C:/Program Files (x86)/Microsoft Visual Studio/2019/BuildTools/MSBuild/Current/Bin/MSBuild.exe cmTC_1c861.vcxproj /p:Configuration=Debug /p:Platform=x64 /p:VisualStudioVersion=16.0 /v:m && Microsoft (R) Build Engine version 16.8.2+25e4d540b for .NET Framework
Copyright (C) Microsoft Corporation. All rights reserved.

  HAVE_DLFCN_H.c
C:\Users\Primary User\Desktop\texture synthesis app\MY_Examples\FLTK-RS-Examples\template\target\debug\build\fltk-sys-762000bc27d0417d\out\build\CMakeFiles\CheckIncludeFiles\HAVE_DLFCN_H.c(2,10): fatal error C1083: Cannot open include file: 'dlfcn.h': No such file or directory [C:\Users\Primary User\Desktop\texture synthesis app\MY_Examples\FLTK-RS-Examples\template\target\debug\build\fltk-sys-762000bc27d0417d\out\build\CMakeFiles\CMakeTmp\cmTC_1c861.vcxproj]


Source:
/* */
#include <dlfcn.h>


int main(void){return 0;}

Determining if files GL/glu.h exist failed with the following output:
Change Dir: C:/Users/Primary User/Desktop/texture synthesis app/MY_Examples/FLTK-RS-Examples/template/target/debug/build/fltk-sys-762000bc27d0417d/out/build/CMakeFiles/CMakeTmp

Run Build Command(s):C:/Program Files (x86)/Microsoft Visual Studio/2019/BuildTools/MSBuild/Current/Bin/MSBuild.exe cmTC_2a1b8.vcxproj /p:Configuration=Debug /p:Platform=x64 /p:VisualStudioVersion=16.0 /v:m && Microsoft (R) Build Engine version 16.8.2+25e4d540b for .NET Framework
Copyright (C) Microsoft Corporation. All rights reserved.

  HAVE_GL_GLU_H.c
C:\Program Files (x86)\Windows Kits\10\Include\10.0.18362.0\um\GL/gl.h(1157,16): error C2054: expected '(' to follow 'WINGDIAPI' [C:\Users\Primary User\Desktop\texture synthesis app\MY_Examples\FLTK-RS-Examples\template\target\debug\build\fltk-sys-762000bc27d0417d\out\build\CMakeFiles\CMakeTmp\cmTC_2a1b8.vcxproj]
C:\Program Files (x86)\Windows Kits\10\Include\10.0.18362.0\um\GL/gl.h(1157,25): error C2085: 'APIENTRY': not in formal parameter list [C:\Users\Primary User\Desktop\texture synthesis app\MY_Examples\FLTK-RS-Examples\template\target\debug\build\fltk-sys-762000bc27d0417d\out\build\CMakeFiles\CMakeTmp\cmTC_2a1b8.vcxproj]
C:\Program Files (x86)\Windows Kits\10\Include\10.0.18362.0\um\GL/gl.h(1157,25): error C2146: syntax error: missing ',' before identifier 'glAccum' [C:\Users\Primary User\Desktop\texture synthesis app\MY_Examples\FLTK-RS-Examples\template\target\debug\build\fltk-sys-762000bc27d0417d\out\build\CMakeFiles\CMakeTmp\cmTC_2a1b8.vcxproj]
C:\Program Files (x86)\Windows Kits\10\Include\10.0.18362.0\um\GL/gl.h(1157,33): error C2143: syntax error: missing ';' before '(' [C:\Users\Primary User\Desktop\texture synthesis app\MY_Examples\FLTK-RS-Examples\template\target\debug\build\fltk-sys-762000bc27d0417d\out\build\CMakeFiles\CMakeTmp\cmTC_2a1b8.vcxproj]
C:\Program Files (x86)\Windows Kits\10\Include\10.0.18362.0\um\GL/gl.h(1157,58): error C2059: syntax error: ')' [C:\Users\Primary User\Desktop\texture synthesis app\MY_Examples\FLTK-RS-Examples\template\target\debug\build\fltk-sys-762000bc27d0417d\out\build\CMakeFiles\CMakeTmp\cmTC_2a1b8.vcxproj]
C:\Program Files (x86)\Windows Kits\10\Include\10.0.18362.0\um\GL/gl.h(1158,16): error C2054: expected '(' to follow 'WINGDIAPI' [C:\Users\Primary User\Desktop\texture synthesis app\MY_Examples\FLTK-RS-Examples\template\target\debug\build\fltk-sys-762000bc27d0417d\out\build\CMakeFiles\CMakeTmp\cmTC_2a1b8.vcxproj]
C:\Program Files (x86)\Windows Kits\10\Include\10.0.18362.0\um\GL/gl.h(1158,25): error C2085: 'APIENTRY': not in formal parameter list [C:\Users\Primary User\Desktop\texture synthesis app\MY_Examples\FLTK-RS-Examples\template\target\debug\build\fltk-sys-762000bc27d0417d\out\build\CMakeFiles\CMakeTmp\cmTC_2a1b8.vcxproj]
C:\Program Files (x86)\Windows Kits\10\Include\10.0.18362.0\um\GL/gl.h(1158,25): error C2146: syntax error: missing ',' before identifier 'glAlphaFunc' [C:\Users\Primary User\Desktop\texture synthesis app\MY_Examples\FLTK-RS-Examples\template\target\debug\build\fltk-sys-762000bc27d0417d\out\build\CMakeFiles\CMakeTmp\cmTC_2a1b8.vcxproj]
C:\Program Files (x86)\Windows Kits\10\Include\10.0.18362.0\um\GL/gl.h(1158,37): error C2143: syntax error: missing ';' before '(' [C:\Users\Primary User\Desktop\texture synthesis app\MY_Examples\FLTK-RS-Examples\template\target\debug\build\fltk-sys-762000bc27d0417d\out\build\CMakeFiles\CMakeTmp\cmTC_2a1b8.vcxproj]
C:\Program Files (x86)\Windows Kits\10\Include\10.0.18362.0\um\GL/gl.h(1158,63): error C2059: syntax error: ')' [C:\Users\Primary User\Desktop\texture synthesis app\MY_Examples\FLTK-RS-Examples\template\target\debug\build\fltk-sys-762000bc27d0417d\out\build\CMakeFiles\CMakeTmp\cmTC_2a1b8.vcxproj]
C:\Program Files (x86)\Windows Kits\10\Include\10.0.18362.0\um\GL/gl.h(1159,21): error C2054: expected '(' to follow 'WINGDIAPI' [C:\Users\Primary User\Desktop\texture synthesis app\MY_Examples\FLTK-RS-Examples\template\target\debug\build\fltk-sys-762000bc27d0417d\out\build\CMakeFiles\CMakeTmp\cmTC_2a1b8.vcxproj]
C:\Program Files (x86)\Windows Kits\10\Include\10.0.18362.0\um\GL/gl.h(1159,30): error C2085: 'APIENTRY': not in formal parameter list [C:\Users\Primary User\Desktop\texture synthesis app\MY_Examples\FLTK-RS-Examples\template\target\debug\build\fltk-sys-762000bc27d0417d\out\build\CMakeFiles\CMakeTmp\cmTC_2a1b8.vcxproj]
C:\Program Files (x86)\Windows Kits\10\Include\10.0.18362.0\um\GL/gl.h(1159,30): error C2146: syntax error: missing ',' before identifier 'glAreTexturesResident' [C:\Users\Primary User\Desktop\texture synthesis app\MY_Examples\FLTK-RS-Examples\template\target\debug\build\fltk-sys-762000bc27d0417d\out\build\CMakeFiles\CMakeTmp\cmTC_2a1b8.vcxproj]
C:\Program Files (x86)\Windows Kits\10\Include\10.0.18362.0\um\GL/gl.h(1159,52): error C2143: syntax error: missing ';' before '(' [C:\Users\Primary User\Desktop\texture synthesis app\MY_Examples\FLTK-RS-Examples\template\target\debug\build\fltk-sys-762000bc27d0417d\out\build\CMakeFiles\CMakeTmp\cmTC_2a1b8.vcxproj]
C:\Program Files (x86)\Windows Kits\10\Include\10.0.18362.0\um\GL/gl.h(1159,109): error C2059: syntax error: ')' [C:\Users\Primary User\Desktop\texture synthesis app\MY_Examples\FLTK-RS-Examples\template\target\debug\build\fltk-sys-762000bc27d0417d\out\build\CMakeFiles\CMakeTmp\cmTC_2a1b8.vcxproj]
C:\Program Files (x86)\Windows Kits\10\Include\10.0.18362.0\um\GL/gl.h(1160,16): error C2054: expected '(' to follow 'WINGDIAPI' [C:\Users\Primary User\Desktop\texture synthesis app\MY_Examples\FLTK-RS-Examples\template\target\debug\build\fltk-sys-762000bc27d0417d\out\build\CMakeFiles\CMakeTmp\cmTC_2a1b8.vcxproj]
C:\Program Files (x86)\Windows Kits\10\Include\10.0.18362.0\um\GL/gl.h(1160,25): error C2085: 'APIENTRY': not in formal parameter list [C:\Users\Primary User\Desktop\texture synthesis app\MY_Examples\FLTK-RS-Examples\template\target\debug\build\fltk-sys-762000bc27d0417d\out\build\CMakeFiles\CMakeTmp\cmTC_2a1b8.vcxproj]
C:\Program Files (x86)\Windows Kits\10\Include\10.0.18362.0\um\GL/gl.h(1160,25): error C2146: syntax error: missing ',' before identifier 'glArrayElement' [C:\Users\Primary User\Desktop\texture synthesis app\MY_Examples\FLTK-RS-Examples\template\target\debug\build\fltk-sys-762000bc27d0417d\out\build\CMakeFiles\CMakeTmp\cmTC_2a1b8.vcxproj]
C:\Program Files (x86)\Windows Kits\10\Include\10.0.18362.0\um\GL/gl.h(1160,40): error C2143: syntax error: missing ';' before '(' [C:\Users\Primary User\Desktop\texture synthesis app\MY_Examples\FLTK-RS-Examples\template\target\debug\build\fltk-sys-762000bc27d0417d\out\build\CMakeFiles\CMakeTmp\cmTC_2a1b8.vcxproj]
C:\Program Files (x86)\Windows Kits\10\Include\10.0.18362.0\um\GL/gl.h(1160,48): error C2059: syntax error: ')' [C:\Users\Primary User\Desktop\texture synthesis app\MY_Examples\FLTK-RS-Examples\template\target\debug\build\fltk-sys-762000bc27d0417d\out\build\CMakeFiles\CMakeTmp\cmTC_2a1b8.vcxproj]
C:\Program Files (x86)\Windows Kits\10\Include\10.0.18362.0\um\GL/gl.h(1161,16): error C2054: expected '(' to follow 'WINGDIAPI' [C:\Users\Primary User\Desktop\texture synthesis app\MY_Examples\FLTK-RS-Examples\template\target\debug\build\fltk-sys-762000bc27d0417d\out\build\CMakeFiles\CMakeTmp\cmTC_2a1b8.vcxproj]
C:\Program Files (x86)\Windows Kits\10\Include\10.0.18362.0\um\GL/gl.h(1161,25): error C2085: 'APIENTRY': not in formal parameter list [C:\Users\Primary User\Desktop\texture synthesis app\MY_Examples\FLTK-RS-Examples\template\target\debug\build\fltk-sys-762000bc27d0417d\out\build\CMakeFiles\CMakeTmp\cmTC_2a1b8.vcxproj]
C:\Program Files (x86)\Windows Kits\10\Include\10.0.18362.0\um\GL/gl.h(1161,25): error C2146: syntax error: missing ',' before identifier 'glBegin' [C:\Users\Primary User\Desktop\texture synthesis app\MY_Examples\FLTK-RS-Examples\template\target\debug\build\fltk-sys-762000bc27d0417d\out\build\CMakeFiles\CMakeTmp\cmTC_2a1b8.vcxproj]
C:\Program Files (x86)\Windows Kits\10\Include\10.0.18362.0\um\GL/gl.h(1161,33): error C2143: syntax error: missing ';' before '(' [C:\Users\Primary User\Desktop\texture synthesis app\MY_Examples\FLTK-RS-Examples\template\target\debug\build\fltk-sys-762000bc27d0417d\out\build\CMakeFiles\CMakeTmp\cmTC_2a1b8.vcxproj]
C:\Program Files (x86)\Windows Kits\10\Include\10.0.18362.0\um\GL/gl.h(1161,45): error C2059: syntax error: ')' [C:\Users\Primary User\Desktop\texture synthesis app\MY_Examples\FLTK-RS-Examples\template\target\debug\build\fltk-sys-762000bc27d0417d\out\build\CMakeFiles\CMakeTmp\cmTC_2a1b8.vcxproj]
C:\Program Files (x86)\Windows Kits\10\Include\10.0.18362.0\um\GL/gl.h(1162,16): error C2054: expected '(' to follow 'WINGDIAPI' [C:\Users\Primary User\Desktop\texture synthesis app\MY_Examples\FLTK-RS-Examples\template\target\debug\build\fltk-sys-762000bc27d0417d\out\build\CMakeFiles\CMakeTmp\cmTC_2a1b8.vcxproj]
C:\Program Files (x86)\Windows Kits\10\Include\10.0.18362.0\um\GL/gl.h(1162,25): error C2085: 'APIENTRY': not in formal parameter list [C:\Users\Primary User\Desktop\texture synthesis app\MY_Examples\FLTK-RS-Examples\template\target\debug\build\fltk-sys-762000bc27d0417d\out\build\CMakeFiles\CMakeTmp\cmTC_2a1b8.vcxproj]
C:\Program Files (x86)\Windows Kits\10\Include\10.0.18362.0\um\GL/gl.h(1162,25): error C2146: syntax error: missing ',' before identifier 'glBindTexture' [C:\Users\Primary User\Desktop\texture synthesis app\MY_Examples\FLTK-RS-Examples\template\target\debug\build\fltk-sys-762000bc27d0417d\out\build\CMakeFiles\CMakeTmp\cmTC_2a1b8.vcxproj]
C:\Program Files (x86)\Windows Kits\10\Include\10.0.18362.0\um\GL/gl.h(1162,39): error C2143: syntax error: missing ';' before '(' [C:\Users\Primary User\Desktop\texture synthesis app\MY_Examples\FLTK-RS-Examples\template\target\debug\build\fltk-sys-762000bc27d0417d\out\build\CMakeFiles\CMakeTmp\cmTC_2a1b8.vcxproj]
C:\Program Files (x86)\Windows Kits\10\Include\10.0.18362.0\um\GL/gl.h(1162,69): error C2059: syntax error: ')' [C:\Users\Primary User\Desktop\texture synthesis app\MY_Examples\FLTK-RS-Examples\template\target\debug\build\fltk-sys-762000bc27d0417d\out\build\CMakeFiles\CMakeTmp\cmTC_2a1b8.vcxproj]
C:\Program Files (x86)\Windows Kits\10\Include\10.0.18362.0\um\GL/gl.h(1163,16): error C2054: expected '(' to follow 'WINGDIAPI' [C:\Users\Primary User\Desktop\texture synthesis app\MY_Examples\FLTK-RS-Examples\template\target\debug\build\fltk-sys-762000bc27d0417d\out\build\CMakeFiles\CMakeTmp\cmTC_2a1b8.vcxproj]
C:\Program Files (x86)\Windows Kits\10\Include\10.0.18362.0\um\GL/gl.h(1163,25): error C2085: 'APIENTRY': not in formal parameter list [C:\Users\Primary User\Desktop\texture synthesis app\MY_Examples\FLTK-RS-Examples\template\target\debug\build\fltk-sys-762000bc27d0417d\out\build\CMakeFiles\CMakeTmp\cmTC_2a1b8.vcxproj]
C:\Program Files (x86)\Windows Kits\10\Include\10.0.18362.0\um\GL/gl.h(1163,25): error C2146: syntax error: missing ',' before identifier 'glBitmap' [C:\Users\Primary User\Desktop\texture synthesis app\MY_Examples\FLTK-RS-Examples\template\target\debug\build\fltk-sys-762000bc27d0417d\out\build\CMakeFiles\CMakeTmp\cmTC_2a1b8.vcxproj]
C:\Program Files (x86)\Windows Kits\10\Include\10.0.18362.0\um\GL/gl.h(1163,34): error C2143: syntax error: missing ';' before '(' [C:\Users\Primary User\Desktop\texture synthesis app\MY_Examples\FLTK-RS-Examples\template\target\debug\build\fltk-sys-762000bc27d0417d\out\build\CMakeFiles\CMakeTmp\cmTC_2a1b8.vcxproj]
C:\Program Files (x86)\Windows Kits\10\Include\10.0.18362.0\um\GL/gl.h(1163,147): error C2059: syntax error: ')' [C:\Users\Primary User\Desktop\texture synthesis app\MY_Examples\FLTK-RS-Examples\template\target\debug\build\fltk-sys-762000bc27d0417d\out\build\CMakeFiles\CMakeTmp\cmTC_2a1b8.vcxproj]
C:\Program Files (x86)\Windows Kits\10\Include\10.0.18362.0\um\GL/gl.h(1164,16): error C2054: expected '(' to follow 'WINGDIAPI' [C:\Users\Primary User\Desktop\texture synthesis app\MY_Examples\FLTK-RS-Examples\template\target\debug\build\fltk-sys-762000bc27d0417d\out\build\CMakeFiles\CMakeTmp\cmTC_2a1b8.vcxproj]
C:\Program Files (x86)\Windows Kits\10\Include\10.0.18362.0\um\GL/gl.h(1164,25): error C2085: 'APIENTRY': not in formal parameter list [C:\Users\Primary User\Desktop\texture synthesis app\MY_Examples\FLTK-RS-Examples\template\target\debug\build\fltk-sys-762000bc27d0417d\out\build\CMakeFiles\CMakeTmp\cmTC_2a1b8.vcxproj]
C:\Program Files (x86)\Windows Kits\10\Include\10.0.18362.0\um\GL/gl.h(1164,25): error C2146: syntax error: missing ',' before identifier 'glBlendFunc' [C:\Users\Primary User\Desktop\texture synthesis app\MY_Examples\FLTK-RS-Examples\template\target\debug\build\fltk-sys-762000bc27d0417d\out\build\CMakeFiles\CMakeTmp\cmTC_2a1b8.vcxproj]
C:\Program Files (x86)\Windows Kits\10\Include\10.0.18362.0\um\GL/gl.h(1164,37): error C2143: syntax error: missing ';' before '(' [C:\Users\Primary User\Desktop\texture synthesis app\MY_Examples\FLTK-RS-Examples\template\target\debug\build\fltk-sys-762000bc27d0417d\out\build\CMakeFiles\CMakeTmp\cmTC_2a1b8.vcxproj]
C:\Program Files (x86)\Windows Kits\10\Include\10.0.18362.0\um\GL/gl.h(1164,68): error C2059: syntax error: ')' [C:\Users\Primary User\Desktop\texture synthesis app\MY_Examples\FLTK-RS-Examples\template\target\debug\build\fltk-sys-762000bc27d0417d\out\build\CMakeFiles\CMakeTmp\cmTC_2a1b8.vcxproj]
C:\Program Files (x86)\Windows Kits\10\Include\10.0.18362.0\um\GL/gl.h(1165,16): error C2054: expected '(' to follow 'WINGDIAPI' [C:\Users\Primary User\Desktop\texture synthesis app\MY_Examples\FLTK-RS-Examples\template\target\debug\build\fltk-sys-762000bc27d0417d\out\build\CMakeFiles\CMakeTmp\cmTC_2a1b8.vcxproj]
C:\Program Files (x86)\Windows Kits\10\Include\10.0.18362.0\um\GL/gl.h(1165,25): error C2085: 'APIENTRY': not in formal parameter list [C:\Users\Primary User\Desktop\texture synthesis app\MY_Examples\FLTK-RS-Examples\template\target\debug\build\fltk-sys-762000bc27d0417d\out\build\CMakeFiles\CMakeTmp\cmTC_2a1b8.vcxproj]
C:\Program Files (x86)\Windows Kits\10\Include\10.0.18362.0\um\GL/gl.h(1165,25): error C2146: syntax error: missing ',' before identifier 'glCallList' [C:\Users\Primary User\Desktop\texture synthesis app\MY_Examples\FLTK-RS-Examples\template\target\debug\build\fltk-sys-762000bc27d0417d\out\build\CMakeFiles\CMakeTmp\cmTC_2a1b8.vcxproj]
C:\Program Files (x86)\Windows Kits\10\Include\10.0.18362.0\um\GL/gl.h(1165,36): error C2143: syntax error: missing ';' before '(' [C:\Users\Primary User\Desktop\texture synthesis app\MY_Examples\FLTK-RS-Examples\template\target\debug\build\fltk-sys-762000bc27d0417d\out\build\CMakeFiles\CMakeTmp\cmTC_2a1b8.vcxproj]
C:\Program Files (x86)\Windows Kits\10\Include\10.0.18362.0\um\GL/gl.h(1165,48): error C2059: syntax error: ')' [C:\Users\Primary User\Desktop\texture synthesis app\MY_Examples\FLTK-RS-Examples\template\target\debug\build\fltk-sys-762000bc27d0417d\out\build\CMakeFiles\CMakeTmp\cmTC_2a1b8.vcxproj]
C:\Program Files (x86)\Windows Kits\10\Include\10.0.18362.0\um\GL/gl.h(1166,16): error C2054: expected '(' to follow 'WINGDIAPI' [C:\Users\Primary User\Desktop\texture synthesis app\MY_Examples\FLTK-RS-Examples\template\target\debug\build\fltk-sys-762000bc27d0417d\out\build\CMakeFiles\CMakeTmp\cmTC_2a1b8.vcxproj]
C:\Program Files (x86)\Windows Kits\10\Include\10.0.18362.0\um\GL/gl.h(1166,25): error C2085: 'APIENTRY': not in formal parameter list [C:\Users\Primary User\Desktop\texture synthesis app\MY_Examples\FLTK-RS-Examples\template\target\debug\build\fltk-sys-762000bc27d0417d\out\build\CMakeFiles\CMakeTmp\cmTC_2a1b8.vcxproj]
C:\Program Files (x86)\Windows Kits\10\Include\10.0.18362.0\um\GL/gl.h(1166,25): error C2146: syntax error: missing ',' before identifier 'glCallLists' [C:\Users\Primary User\Desktop\texture synthesis app\MY_Examples\FLTK-RS-Examples\template\target\debug\build\fltk-sys-762000bc27d0417d\out\build\CMakeFiles\CMakeTmp\cmTC_2a1b8.vcxproj]
C:\Program Files (x86)\Windows Kits\10\Include\10.0.18362.0\um\GL/gl.h(1166,37): error C2143: syntax error: missing ';' before '(' [C:\Users\Primary User\Desktop\texture synthesis app\MY_Examples\FLTK-RS-Examples\template\target\debug\build\fltk-sys-762000bc27d0417d\out\build\CMakeFiles\CMakeTmp\cmTC_2a1b8.vcxproj]
C:\Program Files (x86)\Windows Kits\10\Include\10.0.18362.0\um\GL/gl.h(1166,81): error C2059: syntax error: ')' [C:\Users\Primary User\Desktop\texture synthesis app\MY_Examples\FLTK-RS-Examples\template\target\debug\build\fltk-sys-762000bc27d0417d\out\build\CMakeFiles\CMakeTmp\cmTC_2a1b8.vcxproj]
C:\Program Files (x86)\Windows Kits\10\Include\10.0.18362.0\um\GL/gl.h(1167,16): error C2054: expected '(' to follow 'WINGDIAPI' [C:\Users\Primary User\Desktop\texture synthesis app\MY_Examples\FLTK-RS-Examples\template\target\debug\build\fltk-sys-762000bc27d0417d\out\build\CMakeFiles\CMakeTmp\cmTC_2a1b8.vcxproj]
C:\Program Files (x86)\Windows Kits\10\Include\10.0.18362.0\um\GL/gl.h(1167,25): error C2085: 'APIENTRY': not in formal parameter list [C:\Users\Primary User\Desktop\texture synthesis app\MY_Examples\FLTK-RS-Examples\template\target\debug\build\fltk-sys-762000bc27d0417d\out\build\CMakeFiles\CMakeTmp\cmTC_2a1b8.vcxproj]
C:\Program Files (x86)\Windows Kits\10\Include\10.0.18362.0\um\GL/gl.h(1167,25): error C2146: syntax error: missing ',' before identifier 'glClear' [C:\Users\Primary User\Desktop\texture synthesis app\MY_Examples\FLTK-RS-Examples\template\target\debug\build\fltk-sys-762000bc27d0417d\out\build\CMakeFiles\CMakeTmp\cmTC_2a1b8.vcxproj]
C:\Program Files (x86)\Windows Kits\10\Include\10.0.18362.0\um\GL/gl.h(1167,33): error C2143: syntax error: missing ';' before '(' [C:\Users\Primary User\Desktop\texture synthesis app\MY_Examples\FLTK-RS-Examples\template\target\debug\build\fltk-sys-762000bc27d0417d\out\build\CMakeFiles\CMakeTmp\cmTC_2a1b8.vcxproj]
C:\Program Files (x86)\Windows Kits\10\Include\10.0.18362.0\um\GL/gl.h(1167,49): error C2059: syntax error: ')' [C:\Users\Primary User\Desktop\texture synthesis app\MY_Examples\FLTK-RS-Examples\template\target\debug\build\fltk-sys-762000bc27d0417d\out\build\CMakeFiles\CMakeTmp\cmTC_2a1b8.vcxproj]
C:\Program Files (x86)\Windows Kits\10\Include\10.0.18362.0\um\GL/gl.h(1168,16): error C2054: expected '(' to follow 'WINGDIAPI' [C:\Users\Primary User\Desktop\texture synthesis app\MY_Examples\FLTK-RS-Examples\template\target\debug\build\fltk-sys-762000bc27d0417d\out\build\CMakeFiles\CMakeTmp\cmTC_2a1b8.vcxproj]
C:\Program Files (x86)\Windows Kits\10\Include\10.0.18362.0\um\GL/gl.h(1168,25): error C2085: 'APIENTRY': not in formal parameter list [C:\Users\Primary User\Desktop\texture synthesis app\MY_Examples\FLTK-RS-Examples\template\target\debug\build\fltk-sys-762000bc27d0417d\out\build\CMakeFiles\CMakeTmp\cmTC_2a1b8.vcxproj]
C:\Program Files (x86)\Windows Kits\10\Include\10.0.18362.0\um\GL/gl.h(1168,25): error C2146: syntax error: missing ',' before identifier 'glClearAccum' [C:\Users\Primary User\Desktop\texture synthesis app\MY_Examples\FLTK-RS-Examples\template\target\debug\build\fltk-sys-762000bc27d0417d\out\build\CMakeFiles\CMakeTmp\cmTC_2a1b8.vcxproj]
C:\Program Files (x86)\Windows Kits\10\Include\10.0.18362.0\um\GL/gl.h(1168,38): error C2143: syntax error: missing ';' before '(' [C:\Users\Primary User\Desktop\texture synthesis app\MY_Examples\FLTK-RS-Examples\template\target\debug\build\fltk-sys-762000bc27d0417d\out\build\CMakeFiles\CMakeTmp\cmTC_2a1b8.vcxproj]
C:\Program Files (x86)\Windows Kits\10\Include\10.0.18362.0\um\GL/gl.h(1168,94): error C2059: syntax error: ')' [C:\Users\Primary User\Desktop\texture synthesis app\MY_Examples\FLTK-RS-Examples\template\target\debug\build\fltk-sys-762000bc27d0417d\out\build\CMakeFiles\CMakeTmp\cmTC_2a1b8.vcxproj]
C:\Program Files (x86)\Windows Kits\10\Include\10.0.18362.0\um\GL/gl.h(1169,16): error C2054: expected '(' to follow 'WINGDIAPI' [C:\Users\Primary User\Desktop\texture synthesis app\MY_Examples\FLTK-RS-Examples\template\target\debug\build\fltk-sys-762000bc27d0417d\out\build\CMakeFiles\CMakeTmp\cmTC_2a1b8.vcxproj]
C:\Program Files (x86)\Windows Kits\10\Include\10.0.18362.0\um\GL/gl.h(1169,25): error C2085: 'APIENTRY': not in formal parameter list [C:\Users\Primary User\Desktop\texture synthesis app\MY_Examples\FLTK-RS-Examples\template\target\debug\build\fltk-sys-762000bc27d0417d\out\build\CMakeFiles\CMakeTmp\cmTC_2a1b8.vcxproj]
C:\Program Files (x86)\Windows Kits\10\Include\10.0.18362.0\um\GL/gl.h(1169,25): error C2146: syntax error: missing ',' before identifier 'glClearColor' [C:\Users\Primary User\Desktop\texture synthesis app\MY_Examples\FLTK-RS-Examples\template\target\debug\build\fltk-sys-762000bc27d0417d\out\build\CMakeFiles\CMakeTmp\cmTC_2a1b8.vcxproj]
C:\Program Files (x86)\Windows Kits\10\Include\10.0.18362.0\um\GL/gl.h(1169,38): error C2143: syntax error: missing ';' before '(' [C:\Users\Primary User\Desktop\texture synthesis app\MY_Examples\FLTK-RS-Examples\template\target\debug\build\fltk-sys-762000bc27d0417d\out\build\CMakeFiles\CMakeTmp\cmTC_2a1b8.vcxproj]
C:\Program Files (x86)\Windows Kits\10\Include\10.0.18362.0\um\GL/gl.h(1169,98): error C2059: syntax error: ')' [C:\Users\Primary User\Desktop\texture synthesis app\MY_Examples\FLTK-RS-Examples\template\target\debug\build\fltk-sys-762000bc27d0417d\out\build\CMakeFiles\CMakeTmp\cmTC_2a1b8.vcxproj]
C:\Program Files (x86)\Windows Kits\10\Include\10.0.18362.0\um\GL/gl.h(1170,16): error C2054: expected '(' to follow 'WINGDIAPI' [C:\Users\Primary User\Desktop\texture synthesis app\MY_Examples\FLTK-RS-Examples\template\target\debug\build\fltk-sys-762000bc27d0417d\out\build\CMakeFiles\CMakeTmp\cmTC_2a1b8.vcxproj]
C:\Program Files (x86)\Windows Kits\10\Include\10.0.18362.0\um\GL/gl.h(1170,25): error C2085: 'APIENTRY': not in formal parameter list [C:\Users\Primary User\Desktop\texture synthesis app\MY_Examples\FLTK-RS-Examples\template\target\debug\build\fltk-sys-762000bc27d0417d\out\build\CMakeFiles\CMakeTmp\cmTC_2a1b8.vcxproj]
C:\Program Files (x86)\Windows Kits\10\Include\10.0.18362.0\um\GL/gl.h(1170,25): error C2146: syntax error: missing ',' before identifier 'glClearDepth' [C:\Users\Primary User\Desktop\texture synthesis app\MY_Examples\FLTK-RS-Examples\template\target\debug\build\fltk-sys-762000bc27d0417d\out\build\CMakeFiles\CMakeTmp\cmTC_2a1b8.vcxproj]
C:\Program Files (x86)\Windows Kits\10\Include\10.0.18362.0\um\GL/gl.h(1170,38): error C2143: syntax error: missing ';' before '(' [C:\Users\Primary User\Desktop\texture synthesis app\MY_Examples\FLTK-RS-Examples\template\target\debug\build\fltk-sys-762000bc27d0417d\out\build\CMakeFiles\CMakeTmp\cmTC_2a1b8.vcxproj]
C:\Program Files (x86)\Windows Kits\10\Include\10.0.18362.0\um\GL/gl.h(1170,53): error C2059: syntax error: ')' [C:\Users\Primary User\Desktop\texture synthesis app\MY_Examples\FLTK-RS-Examples\template\target\debug\build\fltk-sys-762000bc27d0417d\out\build\CMakeFiles\CMakeTmp\cmTC_2a1b8.vcxproj]
C:\Program Files (x86)\Windows Kits\10\Include\10.0.18362.0\um\GL/gl.h(1171,16): error C2054: expected '(' to follow 'WINGDIAPI' [C:\Users\Primary User\Desktop\texture synthesis app\MY_Examples\FLTK-RS-Examples\template\target\debug\build\fltk-sys-762000bc27d0417d\out\build\CMakeFiles\CMakeTmp\cmTC_2a1b8.vcxproj]
C:\Program Files (x86)\Windows Kits\10\Include\10.0.18362.0\um\GL/gl.h(1171,25): error C2085: 'APIENTRY': not in formal parameter list [C:\Users\Primary User\Desktop\texture synthesis app\MY_Examples\FLTK-RS-Examples\template\target\debug\build\fltk-sys-762000bc27d0417d\out\build\CMakeFiles\CMakeTmp\cmTC_2a1b8.vcxproj]
C:\Program Files (x86)\Windows Kits\10\Include\10.0.18362.0\um\GL/gl.h(1171,25): error C2146: syntax error: missing ',' before identifier 'glClearIndex' [C:\Users\Primary User\Desktop\texture synthesis app\MY_Examples\FLTK-RS-Examples\template\target\debug\build\fltk-sys-762000bc27d0417d\out\build\CMakeFiles\CMakeTmp\cmTC_2a1b8.vcxproj]
C:\Program Files (x86)\Windows Kits\10\Include\10.0.18362.0\um\GL/gl.h(1171,38): error C2143: syntax error: missing ';' before '(' [C:\Users\Primary User\Desktop\texture synthesis app\MY_Examples\FLTK-RS-Examples\template\target\debug\build\fltk-sys-762000bc27d0417d\out\build\CMakeFiles\CMakeTmp\cmTC_2a1b8.vcxproj]
C:\Program Files (x86)\Windows Kits\10\Include\10.0.18362.0\um\GL/gl.h(1171,48): error C2059: syntax error: ')' [C:\Users\Primary User\Desktop\texture synthesis app\MY_Examples\FLTK-RS-Examples\template\target\debug\build\fltk-sys-762000bc27d0417d\out\build\CMakeFiles\CMakeTmp\cmTC_2a1b8.vcxproj]
C:\Program Files (x86)\Windows Kits\10\Include\10.0.18362.0\um\GL/gl.h(1172,16): error C2054: expected '(' to follow 'WINGDIAPI' [C:\Users\Primary User\Desktop\texture synthesis app\MY_Examples\FLTK-RS-Examples\template\target\debug\build\fltk-sys-762000bc27d0417d\out\build\CMakeFiles\CMakeTmp\cmTC_2a1b8.vcxproj]
C:\Program Files (x86)\Windows Kits\10\Include\10.0.18362.0\um\GL/gl.h(1172,25): error C2085: 'APIENTRY': not in formal parameter list [C:\Users\Primary User\Desktop\texture synthesis app\MY_Examples\FLTK-RS-Examples\template\target\debug\build\fltk-sys-762000bc27d0417d\out\build\CMakeFiles\CMakeTmp\cmTC_2a1b8.vcxproj]
C:\Program Files (x86)\Windows Kits\10\Include\10.0.18362.0\um\GL/gl.h(1172,25): error C2146: syntax error: missing ',' before identifier 'glClearStencil' [C:\Users\Primary User\Desktop\texture synthesis app\MY_Examples\FLTK-RS-Examples\template\target\debug\build\fltk-sys-762000bc27d0417d\out\build\CMakeFiles\CMakeTmp\cmTC_2a1b8.vcxproj]
C:\Program Files (x86)\Windows Kits\10\Include\10.0.18362.0\um\GL/gl.h(1172,40): error C2143: syntax error: missing ';' before '(' [C:\Users\Primary User\Desktop\texture synthesis app\MY_Examples\FLTK-RS-Examples\template\target\debug\build\fltk-sys-762000bc27d0417d\out\build\CMakeFiles\CMakeTmp\cmTC_2a1b8.vcxproj]
C:\Program Files (x86)\Windows Kits\10\Include\10.0.18362.0\um\GL/gl.h(1172,48): error C2059: syntax error: ')' [C:\Users\Primary User\Desktop\texture synthesis app\MY_Examples\FLTK-RS-Examples\template\target\debug\build\fltk-sys-762000bc27d0417d\out\build\CMakeFiles\CMakeTmp\cmTC_2a1b8.vcxproj]
C:\Program Files (x86)\Windows Kits\10\Include\10.0.18362.0\um\GL/gl.h(1173,16): error C2054: expected '(' to follow 'WINGDIAPI' [C:\Users\Primary User\Desktop\texture synthesis app\MY_Examples\FLTK-RS-Examples\template\target\debug\build\fltk-sys-762000bc27d0417d\out\build\CMakeFiles\CMakeTmp\cmTC_2a1b8.vcxproj]
C:\Program Files (x86)\Windows Kits\10\Include\10.0.18362.0\um\GL/gl.h(1173,25): error C2085: 'APIENTRY': not in formal parameter list [C:\Users\Primary User\Desktop\texture synthesis app\MY_Examples\FLTK-RS-Examples\template\target\debug\build\fltk-sys-762000bc27d0417d\out\build\CMakeFiles\CMakeTmp\cmTC_2a1b8.vcxproj]
C:\Program Files (x86)\Windows Kits\10\Include\10.0.18362.0\um\GL/gl.h(1173,25): error C2146: syntax error: missing ',' before identifier 'glClipPlane' [C:\Users\Primary User\Desktop\texture synthesis app\MY_Examples\FLTK-RS-Examples\template\target\debug\build\fltk-sys-762000bc27d0417d\out\build\CMakeFiles\CMakeTmp\cmTC_2a1b8.vcxproj]
C:\Program Files (x86)\Windows Kits\10\Include\10.0.18362.0\um\GL/gl.h(1173,37): error C2143: syntax error: missing ';' before '(' [C:\Users\Primary User\Desktop\texture synthesis app\MY_Examples\FLTK-RS-Examples\template\target\debug\build\fltk-sys-762000bc27d0417d\out\build\CMakeFiles\CMakeTmp\cmTC_2a1b8.vcxproj]
C:\Program Files (x86)\Windows Kits\10\Include\10.0.18362.0\um\GL/gl.h(1173,76): error C2059: syntax error: ')' [C:\Users\Primary User\Desktop\texture synthesis app\MY_Examples\FLTK-RS-Examples\template\target\debug\build\fltk-sys-762000bc27d0417d\out\build\CMakeFiles\CMakeTmp\cmTC_2a1b8.vcxproj]
C:\Program Files (x86)\Windows Kits\10\Include\10.0.18362.0\um\GL/gl.h(1174,16): error C2054: expected '(' to follow 'WINGDIAPI' [C:\Users\Primary User\Desktop\texture synthesis app\MY_Examples\FLTK-RS-Examples\template\target\debug\build\fltk-sys-762000bc27d0417d\out\build\CMakeFiles\CMakeTmp\cmTC_2a1b8.vcxproj]
C:\Program Files (x86)\Windows Kits\10\Include\10.0.18362.0\um\GL/gl.h(1174,25): error C2085: 'APIENTRY': not in formal parameter list [C:\Users\Primary User\Desktop\texture synthesis app\MY_Examples\FLTK-RS-Examples\template\target\debug\build\fltk-sys-762000bc27d0417d\out\build\CMakeFiles\CMakeTmp\cmTC_2a1b8.vcxproj]
C:\Program Files (x86)\Windows Kits\10\Include\10.0.18362.0\um\GL/gl.h(1174,25): error C2146: syntax error: missing ',' before identifier 'glColor3b' [C:\Users\Primary User\Desktop\texture synthesis app\MY_Examples\FLTK-RS-Examples\template\target\debug\build\fltk-sys-762000bc27d0417d\out\build\CMakeFiles\CMakeTmp\cmTC_2a1b8.vcxproj]
C:\Program Files (x86)\Windows Kits\10\Include\10.0.18362.0\um\GL/gl.h(1174,35): error C2143: syntax error: missing ';' before '(' [C:\Users\Primary User\Desktop\texture synthesis app\MY_Examples\FLTK-RS-Examples\template\target\debug\build\fltk-sys-762000bc27d0417d\out\build\CMakeFiles\CMakeTmp\cmTC_2a1b8.vcxproj]
C:\Program Files (x86)\Windows Kits\10\Include\10.0.18362.0\um\GL/gl.h(1174,73): error C2059: syntax error: ')' [C:\Users\Primary User\Desktop\texture synthesis app\MY_Examples\FLTK-RS-Examples\template\target\debug\build\fltk-sys-762000bc27d0417d\out\build\CMakeFiles\CMakeTmp\cmTC_2a1b8.vcxproj]
C:\Program Files (x86)\Windows Kits\10\Include\10.0.18362.0\um\GL/gl.h(1175,16): error C2054: expected '(' to follow 'WINGDIAPI' [C:\Users\Primary User\Desktop\texture synthesis app\MY_Examples\FLTK-RS-Examples\template\target\debug\build\fltk-sys-762000bc27d0417d\out\build\CMakeFiles\CMakeTmp\cmTC_2a1b8.vcxproj]
C:\Program Files (x86)\Windows Kits\10\Include\10.0.18362.0\um\GL/gl.h(1175,25): error C2085: 'APIENTRY': not in formal parameter list [C:\Users\Primary User\Desktop\texture synthesis app\MY_Examples\FLTK-RS-Examples\template\target\debug\build\fltk-sys-762000bc27d0417d\out\build\CMakeFiles\CMakeTmp\cmTC_2a1b8.vcxproj]
C:\Program Files (x86)\Windows Kits\10\Include\10.0.18362.0\um\GL/gl.h(1175,25): error C2146: syntax error: missing ',' before identifier 'glColor3bv' [C:\Users\Primary User\Desktop\texture synthesis app\MY_Examples\FLTK-RS-Examples\template\target\debug\build\fltk-sys-762000bc27d0417d\out\build\CMakeFiles\CMakeTmp\cmTC_2a1b8.vcxproj]
C:\Program Files (x86)\Windows Kits\10\Include\10.0.18362.0\um\GL/gl.h(1175,36): error C2143: syntax error: missing ';' before '(' [C:\Users\Primary User\Desktop\texture synthesis app\MY_Examples\FLTK-RS-Examples\template\target\debug\build\fltk-sys-762000bc27d0417d\out\build\CMakeFiles\CMakeTmp\cmTC_2a1b8.vcxproj]
C:\Program Files (x86)\Windows Kits\10\Include\10.0.18362.0\um\GL/gl.h(1175,52): error C2059: syntax error: ')' [C:\Users\Primary User\Desktop\texture synthesis app\MY_Examples\FLTK-RS-Examples\template\target\debug\build\fltk-sys-762000bc27d0417d\out\build\CMakeFiles\CMakeTmp\cmTC_2a1b8.vcxproj]
C:\Program Files (x86)\Windows Kits\10\Include\10.0.18362.0\um\GL/gl.h(1176,16): error C2054: expected '(' to follow 'WINGDIAPI' [C:\Users\Primary User\Desktop\texture synthesis app\MY_Examples\FLTK-RS-Examples\template\target\debug\build\fltk-sys-762000bc27d0417d\out\build\CMakeFiles\CMakeTmp\cmTC_2a1b8.vcxproj]
C:\Program Files (x86)\Windows Kits\10\Include\10.0.18362.0\um\GL/gl.h(1176,25): error C2085: 'APIENTRY': not in formal parameter list [C:\Users\Primary User\Desktop\texture synthesis app\MY_Examples\FLTK-RS-Examples\template\target\debug\build\fltk-sys-762000bc27d0417d\out\build\CMakeFiles\CMakeTmp\cmTC_2a1b8.vcxproj]
C:\Program Files (x86)\Windows Kits\10\Include\10.0.18362.0\um\GL/gl.h(1176,25): error C2146: syntax error: missing ',' before identifier 'glColor3d' [C:\Users\Primary User\Desktop\texture synthesis app\MY_Examples\FLTK-RS-Examples\template\target\debug\build\fltk-sys-762000bc27d0417d\out\build\CMakeFiles\CMakeTmp\cmTC_2a1b8.vcxproj]
C:\Program Files (x86)\Windows Kits\10\Include\10.0.18362.0\um\GL/gl.h(1176,35): error C2143: syntax error: missing ';' before '(' [C:\Users\Primary User\Desktop\texture synthesis app\MY_Examples\FLTK-RS-Examples\template\target\debug\build\fltk-sys-762000bc27d0417d\out\build\CMakeFiles\CMakeTmp\cmTC_2a1b8.vcxproj]
C:\Program Files (x86)\Windows Kits\10\Include\10.0.18362.0\um\GL/gl.h(1176,79): error C2059: syntax error: ')' [C:\Users\Primary User\Desktop\texture synthesis app\MY_Examples\FLTK-RS-Examples\template\target\debug\build\fltk-sys-762000bc27d0417d\out\build\CMakeFiles\CMakeTmp\cmTC_2a1b8.vcxproj]
C:\Program Files (x86)\Windows Kits\10\Include\10.0.18362.0\um\GL/gl.h(1177,16): error C2054: expected '(' to follow 'WINGDIAPI' [C:\Users\Primary User\Desktop\texture synthesis app\MY_Examples\FLTK-RS-Examples\template\target\debug\build\fltk-sys-762000bc27d0417d\out\build\CMakeFiles\CMakeTmp\cmTC_2a1b8.vcxproj]
C:\Program Files (x86)\Windows Kits\10\Include\10.0.18362.0\um\GL/gl.h(1177,16): fatal error C1003: error count exceeds 100; stopping compilation [C:\Users\Primary User\Desktop\texture synthesis app\MY_Examples\FLTK-RS-Examples\template\target\debug\build\fltk-sys-762000bc27d0417d\out\build\CMakeFiles\CMakeTmp\cmTC_2a1b8.vcxproj]


Source:
/* */
#include <GL/glu.h>


int main(void){return 0;}

Determining if files libpng/png.h exist failed with the following output:
Change Dir: C:/Users/Primary User/Desktop/texture synthesis app/MY_Examples/FLTK-RS-Examples/template/target/debug/build/fltk-sys-762000bc27d0417d/out/build/CMakeFiles/CMakeTmp

Run Build Command(s):C:/Program Files (x86)/Microsoft Visual Studio/2019/BuildTools/MSBuild/Current/Bin/MSBuild.exe cmTC_6dd26.vcxproj /p:Configuration=Debug /p:Platform=x64 /p:VisualStudioVersion=16.0 /v:m && Microsoft (R) Build Engine version 16.8.2+25e4d540b for .NET Framework
Copyright (C) Microsoft Corporation. All rights reserved.

  HAVE_LIBPNG_PNG_H.c
C:\Users\Primary User\Desktop\texture synthesis app\MY_Examples\FLTK-RS-Examples\template\target\debug\build\fltk-sys-762000bc27d0417d\out\build\CMakeFiles\CheckIncludeFiles\HAVE_LIBPNG_PNG_H.c(2,10): fatal error C1083: Cannot open include file: 'libpng/png.h': No such file or directory [C:\Users\Primary User\Desktop\texture synthesis app\MY_Examples\FLTK-RS-Examples\template\target\debug\build\fltk-sys-762000bc27d0417d\out\build\CMakeFiles\CMakeTmp\cmTC_6dd26.vcxproj]


Source:
/* */
#include <libpng/png.h>


int main(void){return 0;}

Determining if files OpenGL/glu.h exist failed with the following output:
Change Dir: C:/Users/Primary User/Desktop/texture synthesis app/MY_Examples/FLTK-RS-Examples/template/target/debug/build/fltk-sys-762000bc27d0417d/out/build/CMakeFiles/CMakeTmp

Run Build Command(s):C:/Program Files (x86)/Microsoft Visual Studio/2019/BuildTools/MSBuild/Current/Bin/MSBuild.exe cmTC_5dee5.vcxproj /p:Configuration=Debug /p:Platform=x64 /p:VisualStudioVersion=16.0 /v:m && Microsoft (R) Build Engine version 16.8.2+25e4d540b for .NET Framework
Copyright (C) Microsoft Corporation. All rights reserved.

  HAVE_OPENGL_GLU_H.c
C:\Users\Primary User\Desktop\texture synthesis app\MY_Examples\FLTK-RS-Examples\template\target\debug\build\fltk-sys-762000bc27d0417d\out\build\CMakeFiles\CheckIncludeFiles\HAVE_OPENGL_GLU_H.c(2,10): fatal error C1083: Cannot open include file: 'OpenGL/glu.h': No such file or directory [C:\Users\Primary User\Desktop\texture synthesis app\MY_Examples\FLTK-RS-Examples\template\target\debug\build\fltk-sys-762000bc27d0417d\out\build\CMakeFiles\CMakeTmp\cmTC_5dee5.vcxproj]


Source:
/* */
#include <OpenGL/glu.h>


int main(void){return 0;}

Determining if files png.h exist failed with the following output:
Change Dir: C:/Users/Primary User/Desktop/texture synthesis app/MY_Examples/FLTK-RS-Examples/template/target/debug/build/fltk-sys-762000bc27d0417d/out/build/CMakeFiles/CMakeTmp

Run Build Command(s):C:/Program Files (x86)/Microsoft Visual Studio/2019/BuildTools/MSBuild/Current/Bin/MSBuild.exe cmTC_5a340.vcxproj /p:Configuration=Debug /p:Platform=x64 /p:VisualStudioVersion=16.0 /v:m && Microsoft (R) Build Engine version 16.8.2+25e4d540b for .NET Framework
Copyright (C) Microsoft Corporation. All rights reserved.

  HAVE_PNG_H.c
C:\Users\Primary User\Desktop\texture synthesis app\MY_Examples\FLTK-RS-Examples\template\target\debug\build\fltk-sys-762000bc27d0417d\out\build\CMakeFiles\CheckIncludeFiles\HAVE_PNG_H.c(2,10): fatal error C1083: Cannot open include file: 'png.h': No such file or directory [C:\Users\Primary User\Desktop\texture synthesis app\MY_Examples\FLTK-RS-Examples\template\target\debug\build\fltk-sys-762000bc27d0417d\out\build\CMakeFiles\CMakeTmp\cmTC_5a340.vcxproj]


Source:
/* */
#include <png.h>


int main(void){return 0;}

Determining if files strings.h exist failed with the following output:
Change Dir: C:/Users/Primary User/Desktop/texture synthesis app/MY_Examples/FLTK-RS-Examples/template/target/debug/build/fltk-sys-762000bc27d0417d/out/build/CMakeFiles/CMakeTmp

Run Build Command(s):C:/Program Files (x86)/Microsoft Visual Studio/2019/BuildTools/MSBuild/Current/Bin/MSBuild.exe cmTC_1efe4.vcxproj /p:Configuration=Debug /p:Platform=x64 /p:VisualStudioVersion=16.0 /v:m && Microsoft (R) Build Engine version 16.8.2+25e4d540b for .NET Framework
Copyright (C) Microsoft Corporation. All rights reserved.

  HAVE_STRINGS_H.c
C:\Users\Primary User\Desktop\texture synthesis app\MY_Examples\FLTK-RS-Examples\template\target\debug\build\fltk-sys-762000bc27d0417d\out\build\CMakeFiles\CheckIncludeFiles\HAVE_STRINGS_H.c(2,10): fatal error C1083: Cannot open include file: 'strings.h': No such file or directory [C:\Users\Primary User\Desktop\texture synthesis app\MY_Examples\FLTK-RS-Examples\template\target\debug\build\fltk-sys-762000bc27d0417d\out\build\CMakeFiles\CMakeTmp\cmTC_1efe4.vcxproj]


Source:
/* */
#include <strings.h>


int main(void){return 0;}

Determining if files sys/select.h exist failed with the following output:
Change Dir: C:/Users/Primary User/Desktop/texture synthesis app/MY_Examples/FLTK-RS-Examples/template/target/debug/build/fltk-sys-762000bc27d0417d/out/build/CMakeFiles/CMakeTmp

Run Build Command(s):C:/Program Files (x86)/Microsoft Visual Studio/2019/BuildTools/MSBuild/Current/Bin/MSBuild.exe cmTC_92b36.vcxproj /p:Configuration=Debug /p:Platform=x64 /p:VisualStudioVersion=16.0 /v:m && Microsoft (R) Build Engine version 16.8.2+25e4d540b for .NET Framework
Copyright (C) Microsoft Corporation. All rights reserved.

  HAVE_SYS_SELECT_H.c
C:\Users\Primary User\Desktop\texture synthesis app\MY_Examples\FLTK-RS-Examples\template\target\debug\build\fltk-sys-762000bc27d0417d\out\build\CMakeFiles\CheckIncludeFiles\HAVE_SYS_SELECT_H.c(2,10): fatal error C1083: Cannot open include file: 'sys/select.h': No such file or directory [C:\Users\Primary User\Desktop\texture synthesis app\MY_Examples\FLTK-RS-Examples\template\target\debug\build\fltk-sys-762000bc27d0417d\out\build\CMakeFiles\CMakeTmp\cmTC_92b36.vcxproj]


Source:
/* */
#include <sys/select.h>


int main(void){return 0;}

Determining if files sys/stdtypes.h exist failed with the following output:
Change Dir: C:/Users/Primary User/Desktop/texture synthesis app/MY_Examples/FLTK-RS-Examples/template/target/debug/build/fltk-sys-762000bc27d0417d/out/build/CMakeFiles/CMakeTmp

Run Build Command(s):C:/Program Files (x86)/Microsoft Visual Studio/2019/BuildTools/MSBuild/Current/Bin/MSBuild.exe cmTC_af8e2.vcxproj /p:Configuration=Debug /p:Platform=x64 /p:VisualStudioVersion=16.0 /v:m && Microsoft (R) Build Engine version 16.8.2+25e4d540b for .NET Framework
Copyright (C) Microsoft Corporation. All rights reserved.

  HAVE_SYS_STDTYPES_H.c
C:\Users\Primary User\Desktop\texture synthesis app\MY_Examples\FLTK-RS-Examples\template\target\debug\build\fltk-sys-762000bc27d0417d\out\build\CMakeFiles\CheckIncludeFiles\HAVE_SYS_STDTYPES_H.c(2,10): fatal error C1083: Cannot open include file: 'sys/stdtypes.h': No such file or directory [C:\Users\Primary User\Desktop\texture synthesis app\MY_Examples\FLTK-RS-Examples\template\target\debug\build\fltk-sys-762000bc27d0417d\out\build\CMakeFiles\CMakeTmp\cmTC_af8e2.vcxproj]


Source:
/* */
#include <sys/stdtypes.h>


int main(void){return 0;}

Determining if files X11/Xlib.h;X11/Xregion.h exist failed with the following output:
Change Dir: C:/Users/Primary User/Desktop/texture synthesis app/MY_Examples/FLTK-RS-Examples/template/target/debug/build/fltk-sys-762000bc27d0417d/out/build/CMakeFiles/CMakeTmp

Run Build Command(s):C:/Program Files (x86)/Microsoft Visual Studio/2019/BuildTools/MSBuild/Current/Bin/MSBuild.exe cmTC_b8a2e.vcxproj /p:Configuration=Debug /p:Platform=x64 /p:VisualStudioVersion=16.0 /v:m && Microsoft (R) Build Engine version 16.8.2+25e4d540b for .NET Framework
Copyright (C) Microsoft Corporation. All rights reserved.

  HAVE_X11_XREGION_H.c
C:\Users\Primary User\Desktop\texture synthesis app\MY_Examples\FLTK-RS-Examples\template\target\debug\build\fltk-sys-762000bc27d0417d\out\build\CMakeFiles\CheckIncludeFiles\HAVE_X11_XREGION_H.c(2,10): fatal error C1083: Cannot open include file: 'X11/Xlib.h': No such file or directory [C:\Users\Primary User\Desktop\texture synthesis app\MY_Examples\FLTK-RS-Examples\template\target\debug\build\fltk-sys-762000bc27d0417d\out\build\CMakeFiles\CMakeTmp\cmTC_b8a2e.vcxproj]


Source:
/* */
#include <X11/Xlib.h>
#include <X11/Xregion.h>


int main(void){return 0;}

Determining if files X11/Xlib.h;X11/extensions/Xdbe.h exist failed with the following output:
Change Dir: C:/Users/Primary User/Desktop/texture synthesis app/MY_Examples/FLTK-RS-Examples/template/target/debug/build/fltk-sys-762000bc27d0417d/out/build/CMakeFiles/CMakeTmp

Run Build Command(s):C:/Program Files (x86)/Microsoft Visual Studio/2019/BuildTools/MSBuild/Current/Bin/MSBuild.exe cmTC_78183.vcxproj /p:Configuration=Debug /p:Platform=x64 /p:VisualStudioVersion=16.0 /v:m && Microsoft (R) Build Engine version 16.8.2+25e4d540b for .NET Framework
Copyright (C) Microsoft Corporation. All rights reserved.

  HAVE_XDBE_H.c
C:\Users\Primary User\Desktop\texture synthesis app\MY_Examples\FLTK-RS-Examples\template\target\debug\build\fltk-sys-762000bc27d0417d\out\build\CMakeFiles\CheckIncludeFiles\HAVE_XDBE_H.c(2,10): fatal error C1083: Cannot open include file: 'X11/Xlib.h': No such file or directory [C:\Users\Primary User\Desktop\texture synthesis app\MY_Examples\FLTK-RS-Examples\template\target\debug\build\fltk-sys-762000bc27d0417d\out\build\CMakeFiles\CMakeTmp\cmTC_78183.vcxproj]


Source:
/* */
#include <X11/Xlib.h>
#include <X11/extensions/Xdbe.h>


int main(void){return 0;}

Determining if files dirent.h exist failed with the following output:
Change Dir: C:/Users/Primary User/Desktop/texture synthesis app/MY_Examples/FLTK-RS-Examples/template/target/debug/build/fltk-sys-762000bc27d0417d/out/build/CMakeFiles/CMakeTmp

Run Build Command(s):C:/Program Files (x86)/Microsoft Visual Studio/2019/BuildTools/MSBuild/Current/Bin/MSBuild.exe cmTC_375da.vcxproj /p:Configuration=Debug /p:Platform=x64 /p:VisualStudioVersion=16.0 /v:m && Microsoft (R) Build Engine version 16.8.2+25e4d540b for .NET Framework
Copyright (C) Microsoft Corporation. All rights reserved.

  HAVE_DIRENT_H.c
C:\Users\Primary User\Desktop\texture synthesis app\MY_Examples\FLTK-RS-Examples\template\target\debug\build\fltk-sys-762000bc27d0417d\out\build\CMakeFiles\CheckIncludeFiles\HAVE_DIRENT_H.c(2,10): fatal error C1083: Cannot open include file: 'dirent.h': No such file or directory [C:\Users\Primary User\Desktop\texture synthesis app\MY_Examples\FLTK-RS-Examples\template\target\debug\build\fltk-sys-762000bc27d0417d\out\build\CMakeFiles\CMakeTmp\cmTC_375da.vcxproj]


Source:
/* */
#include <dirent.h>


int main(void){return 0;}

Determining if files sys/ndir.h exist failed with the following output:
Change Dir: C:/Users/Primary User/Desktop/texture synthesis app/MY_Examples/FLTK-RS-Examples/template/target/debug/build/fltk-sys-762000bc27d0417d/out/build/CMakeFiles/CMakeTmp

Run Build Command(s):C:/Program Files (x86)/Microsoft Visual Studio/2019/BuildTools/MSBuild/Current/Bin/MSBuild.exe cmTC_1a4e4.vcxproj /p:Configuration=Debug /p:Platform=x64 /p:VisualStudioVersion=16.0 /v:m && Microsoft (R) Build Engine version 16.8.2+25e4d540b for .NET Framework
Copyright (C) Microsoft Corporation. All rights reserved.

  HAVE_SYS_NDIR_H.c
C:\Users\Primary User\Desktop\texture synthesis app\MY_Examples\FLTK-RS-Examples\template\target\debug\build\fltk-sys-762000bc27d0417d\out\build\CMakeFiles\CheckIncludeFiles\HAVE_SYS_NDIR_H.c(2,10): fatal error C1083: Cannot open include file: 'sys/ndir.h': No such file or directory [C:\Users\Primary User\Desktop\texture synthesis app\MY_Examples\FLTK-RS-Examples\template\target\debug\build\fltk-sys-762000bc27d0417d\out\build\CMakeFiles\CMakeTmp\cmTC_1a4e4.vcxproj]


Source:
/* */
#include <sys/ndir.h>


int main(void){return 0;}

Determining if files sys/dir.h exist failed with the following output:
Change Dir: C:/Users/Primary User/Desktop/texture synthesis app/MY_Examples/FLTK-RS-Examples/template/target/debug/build/fltk-sys-762000bc27d0417d/out/build/CMakeFiles/CMakeTmp

Run Build Command(s):C:/Program Files (x86)/Microsoft Visual Studio/2019/BuildTools/MSBuild/Current/Bin/MSBuild.exe cmTC_2232c.vcxproj /p:Configuration=Debug /p:Platform=x64 /p:VisualStudioVersion=16.0 /v:m && Microsoft (R) Build Engine version 16.8.2+25e4d540b for .NET Framework
Copyright (C) Microsoft Corporation. All rights reserved.

  HAVE_SYS_DIR_H.c
C:\Users\Primary User\Desktop\texture synthesis app\MY_Examples\FLTK-RS-Examples\template\target\debug\build\fltk-sys-762000bc27d0417d\out\build\CMakeFiles\CheckIncludeFiles\HAVE_SYS_DIR_H.c(2,10): fatal error C1083: Cannot open include file: 'sys/dir.h': No such file or directory [C:\Users\Primary User\Desktop\texture synthesis app\MY_Examples\FLTK-RS-Examples\template\target\debug\build\fltk-sys-762000bc27d0417d\out\build\CMakeFiles\CMakeTmp\cmTC_2232c.vcxproj]


Source:
/* */
#include <sys/dir.h>


int main(void){return 0;}

Determining if files ndir.h exist failed with the following output:
Change Dir: C:/Users/Primary User/Desktop/texture synthesis app/MY_Examples/FLTK-RS-Examples/template/target/debug/build/fltk-sys-762000bc27d0417d/out/build/CMakeFiles/CMakeTmp

Run Build Command(s):C:/Program Files (x86)/Microsoft Visual Studio/2019/BuildTools/MSBuild/Current/Bin/MSBuild.exe cmTC_1d2b2.vcxproj /p:Configuration=Debug /p:Platform=x64 /p:VisualStudioVersion=16.0 /v:m && Microsoft (R) Build Engine version 16.8.2+25e4d540b for .NET Framework
Copyright (C) Microsoft Corporation. All rights reserved.

  HAVE_NDIR_H.c
C:\Users\Primary User\Desktop\texture synthesis app\MY_Examples\FLTK-RS-Examples\template\target\debug\build\fltk-sys-762000bc27d0417d\out\build\CMakeFiles\CheckIncludeFiles\HAVE_NDIR_H.c(2,10): fatal error C1083: Cannot open include file: 'ndir.h': No such file or directory [C:\Users\Primary User\Desktop\texture synthesis app\MY_Examples\FLTK-RS-Examples\template\target\debug\build\fltk-sys-762000bc27d0417d\out\build\CMakeFiles\CMakeTmp\cmTC_1d2b2.vcxproj]


Source:
/* */
#include <ndir.h>


int main(void){return 0;}

Determining if the function dlsym exists failed with the following output:
Change Dir: C:/Users/Primary User/Desktop/texture synthesis app/MY_Examples/FLTK-RS-Examples/template/target/debug/build/fltk-sys-762000bc27d0417d/out/build/CMakeFiles/CMakeTmp

Run Build Command(s):C:/Program Files (x86)/Microsoft Visual Studio/2019/BuildTools/MSBuild/Current/Bin/MSBuild.exe cmTC_c25e1.vcxproj /p:Configuration=Debug /p:Platform=x64 /p:VisualStudioVersion=16.0 /v:m && Microsoft (R) Build Engine version 16.8.2+25e4d540b for .NET Framework
Copyright (C) Microsoft Corporation. All rights reserved.

  CheckFunctionExists.c
CheckFunctionExists.obj : error LNK2019: unresolved external symbol dlsym referenced in function main [C:\Users\Primary User\Desktop\texture synthesis app\MY_Examples\FLTK-RS-Examples\template\target\debug\build\fltk-sys-762000bc27d0417d\out\build\CMakeFiles\CMakeTmp\cmTC_c25e1.vcxproj]
C:\Users\Primary User\Desktop\texture synthesis app\MY_Examples\FLTK-RS-Examples\template\target\debug\build\fltk-sys-762000bc27d0417d\out\build\CMakeFiles\CMakeTmp\Debug\cmTC_c25e1.exe : fatal error LNK1120: 1 unresolved externals [C:\Users\Primary User\Desktop\texture synthesis app\MY_Examples\FLTK-RS-Examples\template\target\debug\build\fltk-sys-762000bc27d0417d\out\build\CMakeFiles\CMakeTmp\cmTC_c25e1.vcxproj]



Determining if the function scandir exists failed with the following output:
Change Dir: C:/Users/Primary User/Desktop/texture synthesis app/MY_Examples/FLTK-RS-Examples/template/target/debug/build/fltk-sys-762000bc27d0417d/out/build/CMakeFiles/CMakeTmp

Run Build Command(s):C:/Program Files (x86)/Microsoft Visual Studio/2019/BuildTools/MSBuild/Current/Bin/MSBuild.exe cmTC_5360f.vcxproj /p:Configuration=Debug /p:Platform=x64 /p:VisualStudioVersion=16.0 /v:m && Microsoft (R) Build Engine version 16.8.2+25e4d540b for .NET Framework
Copyright (C) Microsoft Corporation. All rights reserved.

  CheckFunctionExists.c
CheckFunctionExists.obj : error LNK2019: unresolved external symbol scandir referenced in function main [C:\Users\Primary User\Desktop\texture synthesis app\MY_Examples\FLTK-RS-Examples\template\target\debug\build\fltk-sys-762000bc27d0417d\out\build\CMakeFiles\CMakeTmp\cmTC_5360f.vcxproj]
C:\Users\Primary User\Desktop\texture synthesis app\MY_Examples\FLTK-RS-Examples\template\target\debug\build\fltk-sys-762000bc27d0417d\out\build\CMakeFiles\CMakeTmp\Debug\cmTC_5360f.exe : fatal error LNK1120: 1 unresolved externals [C:\Users\Primary User\Desktop\texture synthesis app\MY_Examples\FLTK-RS-Examples\template\target\debug\build\fltk-sys-762000bc27d0417d\out\build\CMakeFiles\CMakeTmp\cmTC_5360f.vcxproj]



Determining if the function snprintf exists failed with the following output:
Change Dir: C:/Users/Primary User/Desktop/texture synthesis app/MY_Examples/FLTK-RS-Examples/template/target/debug/build/fltk-sys-762000bc27d0417d/out/build/CMakeFiles/CMakeTmp

Run Build Command(s):C:/Program Files (x86)/Microsoft Visual Studio/2019/BuildTools/MSBuild/Current/Bin/MSBuild.exe cmTC_5351c.vcxproj /p:Configuration=Debug /p:Platform=x64 /p:VisualStudioVersion=16.0 /v:m && Microsoft (R) Build Engine version 16.8.2+25e4d540b for .NET Framework
Copyright (C) Microsoft Corporation. All rights reserved.

  CheckFunctionExists.c
CheckFunctionExists.obj : error LNK2019: unresolved external symbol snprintf referenced in function main [C:\Users\Primary User\Desktop\texture synthesis app\MY_Examples\FLTK-RS-Examples\template\target\debug\build\fltk-sys-762000bc27d0417d\out\build\CMakeFiles\CMakeTmp\cmTC_5351c.vcxproj]
C:\Users\Primary User\Desktop\texture synthesis app\MY_Examples\FLTK-RS-Examples\template\target\debug\build\fltk-sys-762000bc27d0417d\out\build\CMakeFiles\CMakeTmp\Debug\cmTC_5351c.exe : fatal error LNK1120: 1 unresolved externals [C:\Users\Primary User\Desktop\texture synthesis app\MY_Examples\FLTK-RS-Examples\template\target\debug\build\fltk-sys-762000bc27d0417d\out\build\CMakeFiles\CMakeTmp\cmTC_5351c.vcxproj]



Determining if the function strlcat exists failed with the following output:
Change Dir: C:/Users/Primary User/Desktop/texture synthesis app/MY_Examples/FLTK-RS-Examples/template/target/debug/build/fltk-sys-762000bc27d0417d/out/build/CMakeFiles/CMakeTmp

Run Build Command(s):C:/Program Files (x86)/Microsoft Visual Studio/2019/BuildTools/MSBuild/Current/Bin/MSBuild.exe cmTC_7c92f.vcxproj /p:Configuration=Debug /p:Platform=x64 /p:VisualStudioVersion=16.0 /v:m && Microsoft (R) Build Engine version 16.8.2+25e4d540b for .NET Framework
Copyright (C) Microsoft Corporation. All rights reserved.

  CheckFunctionExists.c
CheckFunctionExists.obj : error LNK2019: unresolved external symbol strlcat referenced in function main [C:\Users\Primary User\Desktop\texture synthesis app\MY_Examples\FLTK-RS-Examples\template\target\debug\build\fltk-sys-762000bc27d0417d\out\build\CMakeFiles\CMakeTmp\cmTC_7c92f.vcxproj]
C:\Users\Primary User\Desktop\texture synthesis app\MY_Examples\FLTK-RS-Examples\template\target\debug\build\fltk-sys-762000bc27d0417d\out\build\CMakeFiles\CMakeTmp\Debug\cmTC_7c92f.exe : fatal error LNK1120: 1 unresolved externals [C:\Users\Primary User\Desktop\texture synthesis app\MY_Examples\FLTK-RS-Examples\template\target\debug\build\fltk-sys-762000bc27d0417d\out\build\CMakeFiles\CMakeTmp\cmTC_7c92f.vcxproj]



Determining if the function strlcpy exists failed with the following output:
Change Dir: C:/Users/Primary User/Desktop/texture synthesis app/MY_Examples/FLTK-RS-Examples/template/target/debug/build/fltk-sys-762000bc27d0417d/out/build/CMakeFiles/CMakeTmp

Run Build Command(s):C:/Program Files (x86)/Microsoft Visual Studio/2019/BuildTools/MSBuild/Current/Bin/MSBuild.exe cmTC_64b96.vcxproj /p:Configuration=Debug /p:Platform=x64 /p:VisualStudioVersion=16.0 /v:m && Microsoft (R) Build Engine version 16.8.2+25e4d540b for .NET Framework
Copyright (C) Microsoft Corporation. All rights reserved.

  CheckFunctionExists.c
CheckFunctionExists.obj : error LNK2019: unresolved external symbol strlcpy referenced in function main [C:\Users\Primary User\Desktop\texture synthesis app\MY_Examples\FLTK-RS-Examples\template\target\debug\build\fltk-sys-762000bc27d0417d\out\build\CMakeFiles\CMakeTmp\cmTC_64b96.vcxproj]
C:\Users\Primary User\Desktop\texture synthesis app\MY_Examples\FLTK-RS-Examples\template\target\debug\build\fltk-sys-762000bc27d0417d\out\build\CMakeFiles\CMakeTmp\Debug\cmTC_64b96.exe : fatal error LNK1120: 1 unresolved externals [C:\Users\Primary User\Desktop\texture synthesis app\MY_Examples\FLTK-RS-Examples\template\target\debug\build\fltk-sys-762000bc27d0417d\out\build\CMakeFiles\CMakeTmp\cmTC_64b96.vcxproj]



Determining if the function vsnprintf exists failed with the following output:
Change Dir: C:/Users/Primary User/Desktop/texture synthesis app/MY_Examples/FLTK-RS-Examples/template/target/debug/build/fltk-sys-762000bc27d0417d/out/build/CMakeFiles/CMakeTmp

Run Build Command(s):C:/Program Files (x86)/Microsoft Visual Studio/2019/BuildTools/MSBuild/Current/Bin/MSBuild.exe cmTC_c4452.vcxproj /p:Configuration=Debug /p:Platform=x64 /p:VisualStudioVersion=16.0 /v:m && Microsoft (R) Build Engine version 16.8.2+25e4d540b for .NET Framework
Copyright (C) Microsoft Corporation. All rights reserved.

  CheckFunctionExists.c
CheckFunctionExists.obj : error LNK2019: unresolved external symbol vsnprintf referenced in function main [C:\Users\Primary User\Desktop\texture synthesis app\MY_Examples\FLTK-RS-Examples\template\target\debug\build\fltk-sys-762000bc27d0417d\out\build\CMakeFiles\CMakeTmp\cmTC_c4452.vcxproj]
MSVCRTD.lib(vsnprintf.obj) : error LNK2001: unresolved external symbol vsnprintf [C:\Users\Primary User\Desktop\texture synthesis app\MY_Examples\FLTK-RS-Examples\template\target\debug\build\fltk-sys-762000bc27d0417d\out\build\CMakeFiles\CMakeTmp\cmTC_c4452.vcxproj]
MSVCRTD.lib(vsnprintf.obj) : error LNK2001: unresolved external symbol _vsnprintf [C:\Users\Primary User\Desktop\texture synthesis app\MY_Examples\FLTK-RS-Examples\template\target\debug\build\fltk-sys-762000bc27d0417d\out\build\CMakeFiles\CMakeTmp\cmTC_c4452.vcxproj]
C:\Users\Primary User\Desktop\texture synthesis app\MY_Examples\FLTK-RS-Examples\template\target\debug\build\fltk-sys-762000bc27d0417d\out\build\CMakeFiles\CMakeTmp\Debug\cmTC_c4452.exe : fatal error LNK1120: 2 unresolved externals [C:\Users\Primary User\Desktop\texture synthesis app\MY_Examples\FLTK-RS-Examples\template\target\debug\build\fltk-sys-762000bc27d0417d\out\build\CMakeFiles\CMakeTmp\cmTC_c4452.vcxproj]



